<?xml version="1.0" encoding="UTF-8"?>
<!-- Generated by org.testng.reporters.JUnitReportReporter -->
<testsuite skipped="0" hostname="DESKTOP-GJSR5I4" name="ResponseCode" tests="5" failures="0" timestamp="25 Jan 2021 13:21:05 GMT" time="12.386" errors="0">
  <testcase name="Response3" time="0.191" classname="ResponseCode"/>
  <testcase name="ErrorCode" time="9.215" classname="ResponseCode"/>
  <testcase name="Response4" time="0.731" classname="ResponseCode"/>
  <testcase name="StatusCode403" time="0.840" classname="ResponseCode"/>
  <testcase name="Response2" time="1.409" classname="ResponseCode"/>
</testsuite> <!-- ResponseCode -->
