<?xml version="1.0" encoding="UTF-8"?>
<!-- Generated by org.testng.reporters.JUnitReportReporter -->
<testsuite skipped="0" hostname="DESKTOP-GJSR5I4" name="HeadersTest" tests="1" failures="0" timestamp="25 Jan 2021 07:34:50 GMT" time="4.656" errors="0">
  <testcase name="GetTest" time="4.656" classname="HeadersTest"/>
</testsuite> <!-- HeadersTest -->
