<?xml version="1.0" encoding="UTF-8"?>
<!-- Generated by org.testng.reporters.JUnitReportReporter -->
<testsuite skipped="0" hostname="DESKTOP-GJSR5I4" name="CountryName" tests="1" failures="0" timestamp="25 Jan 2021 10:37:19 GMT" time="8.092" errors="0">
  <testcase name="CountryName" time="8.092" classname="CountryName"/>
</testsuite> <!-- CountryName -->
