<?xml version="1.0" encoding="UTF-8"?>
<!-- Generated by org.testng.reporters.JUnitReportReporter -->
<testsuite skipped="0" hostname="DESKTOP-GJSR5I4" name="HeaderResponse" tests="1" failures="0" timestamp="25 Jan 2021 13:35:32 GMT" time="6.775" errors="0">
  <testcase name="Response" time="6.775" classname="HeaderResponse"/>
</testsuite> <!-- HeaderResponse -->
